20220225-15:08:15.632 [i] RBAUtils (1.0.0.0) - LOGGING INITIALIZED.
20220225-15:08:16.718 [i] TERMINAL COMM PORT=COM110
20220225-15:08:16.721 [i] INITIAL TERMINAL MODEL=iPP320
20220225-15:08:16.725 [i] INITIAL TERMINAL SERIAL NUMBER=83811318
20220225-15:08:16.789 [i] INITIAL TERMINAL TIME VALUE=022522-150728
20220225-15:08:16.834 [i] INITIAL REBOOT TIME VALUE=1500
20220225-15:08:16.835 [i] DEVICE PART NUMBER=IPP320-31T3494A
20220225-15:08:16.837 [i] DEVICE FIRMWARE VERSION=23i6
20220225-15:08:16.936 [i] DEVICE HEALTH=<?xml version="1.0" encoding="utf-16"?>
<Health xmlns:xsi="http://www.w3.org/2001/XMLSchema-instance" xmlns:xsd="http://www.w3.org/2001/XMLSchema">
  <RESULT>RESULT_SUCCESS</RESULT>
  <MSR_SWIPES>0318</MSR_SWIPES>
  <BAD_TRACK1_READS>01</BAD_TRACK1_READS>
  <BAD_TRACK2_READS>15</BAD_TRACK2_READS>
  <BAD_TRACK3_READS>15</BAD_TRACK3_READS>
  <SIGNATURES>0000</SIGNATURES>
  <REBOOT>1885</REBOOT>
  <DEVICE_NAME>iPP320</DEVICE_NAME>
  <SERIAL_NUMBER>2218016PT011401</SERIAL_NUMBER>
  <OS_VERSION>5422</OS_VERSION>
  <APP_VERSION>23i6</APP_VERSION>
  <SECURITY_LIB_VERSION>0417</SECURITY_LIB_VERSION>
  <EFTL_VERSION>0000</EFTL_VERSION>
  <EFTP_VERSION>0000</EFTP_VERSION>
  <RAM_SIZE>15460</RAM_SIZE>
  <FLASH_SIZE>112668</FLASH_SIZE>
  <MANUFACTURE_DATE>2018-01-16</MANUFACTURE_DATE>
  <CPEM_TYPE>0</CPEM_TYPE>
  <PEN_STATUS>UNSUPPORTED_DEVICE</PEN_STATUS>
  <APP_NAME>Retail Base</APP_NAME>
  <MANUFACTURE_ID>INGNAR</MANUFACTURE_ID>
  <DIGITIZER_VERSION>0000</DIGITIZER_VERSION>
  <MANUFACTURING_SERIAL_NUMBER>83811318</MANUFACTURING_SERIAL_NUMBER>
</Health>
20220225-15:08:17.011 [i] DEVICE INFO DETAIL=<?xml version="1.0" encoding="utf-16"?>
<Info xmlns:xsi="http://www.w3.org/2001/XMLSchema-instance" xmlns:xsd="http://www.w3.org/2001/XMLSchema">
  <RESULT>RESULT_SUCCESS</RESULT>
  <MANUFACTURE>INGNAR</MANUFACTURE>
  <DEVICE>IPP320-31T3494A</DEVICE>
  <UNIT_SERIAL_NUMBER>2218016PT011401</UNIT_SERIAL_NUMBER>
  <RAM_SIZE>32768</RAM_SIZE>
  <FLASH_SIZE>131072</FLASH_SIZE>
  <DIGITIZER_VERSION>0000</DIGITIZER_VERSION>
  <SECURITY_MODULE_VERSION>0417</SECURITY_MODULE_VERSION>
  <OS_VERSION>5422</OS_VERSION>
  <APPLICATION_VERSION>23i6</APPLICATION_VERSION>
  <EFTL_VERSION>0000</EFTL_VERSION>
  <EFTP_VERSION>0000</EFTP_VERSION>
  <MANUFACTURING_SERIAL_NUMBER>83811318</MANUFACTURING_SERIAL_NUMBER>
  <EMV_DC_KERNEL_TYPE>0526</EMV_DC_KERNEL_TYPE>
  <EMV_ENGINE_KERNEL_TYPE>0605</EMV_ENGINE_KERNEL_TYPE>
  <CLESS_DISCOVER_KERNEL_TYPE>0101</CLESS_DISCOVER_KERNEL_TYPE>
  <CLESS_EXPRESSPAY_V3_KERNEL_TYPE>0603</CLESS_EXPRESSPAY_V3_KERNEL_TYPE>
  <CLESS_EXPRESSPAY_V2_KERNEL_TYPE>NONE</CLESS_EXPRESSPAY_V2_KERNEL_TYPE>
  <CLESS_PAYPASS_V3_KERNEL_TYPE>0773</CLESS_PAYPASS_V3_KERNEL_TYPE>
  <CLESS_PAYPASS_V3_APP_TYPE>0300</CLESS_PAYPASS_V3_APP_TYPE>
  <CLESS_VISA_PAYWAVE_KERNEL_TYPE>0408</CLESS_VISA_PAYWAVE_KERNEL_TYPE>
  <CLESS_INTERAC_KERNEL_TYPE>0105</CLESS_INTERAC_KERNEL_TYPE>
</Info>
